Arguments: 
  /home/raymond/.nvm/versions/node/v12.14.0/bin/node /home/raymond/.nvm/versions/node/v12.14.0/bin/yarn e2e

PATH: 
  /home/raymond/.solc-select:/home/raymond/.nix-profile/bin:~/.local/bin:/home/raymond/.solc-select:/home/raymond/.nix-profile/bin:~/.local/bin:/home/raymond/anaconda3/condabin:/home/raymond/.nvm/versions/node/v12.14.0/bin:/home/raymond/.nix-profile/bin:/home/raymond/.local/bin:/usr/local/sbin:/usr/local/bin:/usr/sbin:/usr/bin:/sbin:/bin:/usr/games:/usr/local/games:/snap/bin:/home/raymond/.dotnet/tools:/home/raymond/.zokrates/bin:/home/raymond/.zokrates/bin

Yarn version: 
  1.21.1

Node version: 
  12.14.0

Platform: 
  linux x64

Trace: 
  SyntaxError: /home/raymond/Desktop/self/shrouded/api/package.json: Unexpected token } in JSON at position 536
      at JSON.parse (<anonymous>)
      at /home/raymond/.nvm/versions/node/v12.14.0/lib/node_modules/yarn/lib/cli.js:1625:59
      at Generator.next (<anonymous>)
      at step (/home/raymond/.nvm/versions/node/v12.14.0/lib/node_modules/yarn/lib/cli.js:310:30)
      at /home/raymond/.nvm/versions/node/v12.14.0/lib/node_modules/yarn/lib/cli.js:321:13

npm manifest: 
  {
    "name": "shrouded",
    "version": "0.0.1",
    "description": "",
    "main": "index.js",
    "scripts": {
      "dev": "IS_OFFLINE=true sls offline start",
      "deploy": "sls deploy",
      "depcheck": "depcheck . --ignores=\"serverless-*\"",
      "sls-config-check": "sls print --account_id PLACEHOLDER",
      "test": "IS_OFFLINE=true jest --testPathPattern=src",
      "e2e": "DEBUG=shrouded* ts-node test/e2e.ts",
      "lint": "eslint . --ext ts,js --max-warnings 0",
      "lint:fix": "npm run lint -- --fix",
      "typecheck": "tsc --noEmit",
    },
    "keywords": [],
    "author": "",
    "license": "ISC",
    "dependencies": {
      "@middy/core": "^1.5.0",
      "@middy/http-cors": "^1.5.0",
      "@middy/http-security-headers": "^1.5.0",
      "@types/uuid": "^8.3.0",
      "aws-sdk": "^2.655.0",
      "aws-xray-sdk-core": "^2.5.0",
      "date-fns": "^2.16.1",
      "debug": "^4.1.1",
      "ethers": "^5.0.24",
      "http-errors": "^1.7.3",
      "libsemaphore": "^1.0.15",
      "middy": "^0.24.0",
      "middy-middleware-json-error-handler": "^1.0.0",
      "runtypes": "^5.0.1",
      "serverless": "^1.62.0",
      "serverless-dotenv-plugin": "^1.2.0",
      "serverless-dynamodb-local": "^0.2.39",
      "uuid": "^8.3.2"
    },
    "devDependencies": {
      "@babel/preset-env": "^7.9.5",
      "@babel/preset-typescript": "^7.9.0",
      "@types/aws-lambda": "^8.10.40",
      "@types/debug": "^4.1.5",
      "@types/dotenv": "^8.2.0",
      "@types/jest": "^25.1.1",
      "@typescript-eslint/eslint-plugin": "^2.28.0",
      "@typescript-eslint/parser": "^2.28.0",
      "axios": "^0.21.1",
      "depcheck": "^0.7.2",
      "dotenv": "^8.2.0",
      "eslint": "6.8.0",
      "eslint-config-airbnb-base": "^14.0.0",
      "eslint-config-prettier": "^6.7.0",
      "eslint-plugin-import": "^2.19.1",
      "eslint-plugin-jest": "^23.1.1",
      "eslint-plugin-prettier": "^3.1.3",
      "fork-ts-checker-webpack-plugin": "^4.1.3",
      "jest": "^25.1.0",
      "prettier": "^1.19.1",
      "serverless-offline": "5.12.1",
      "serverless-webpack": "^5.3.5",
      "ts-jest": "^26.4.4",
      "ts-loader": "^6.2.2",
      "ts-node": "^9.1.1",
      "typescript": "^3.7.5",
      "webpack": "^4.42.1",
      "webpack-node-externals": "^1.7.2"
    }
  }

yarn manifest: 
  No manifest

Lockfile: 
  No lockfile
